<?xml version="1.0" encoding="UTF-8"?>
<!-- Generated by org.testng.reporters.JUnitReportReporter -->
<testsuite skipped="0" hostname="nadsoft-H81M-Gaming-3" name="com.drive.qa.testcases.AddLivingCostTest" tests="1" failures="0" timestamp="02 May 2018 12:06:25 GMT" time="22.103" errors="0">
  <testcase name="addLivingCostTest" time="22.103" classname="com.drive.qa.testcases.AddLivingCostTest"/>
</testsuite> <!-- com.drive.qa.testcases.AddLivingCostTest -->
