<?xml version="1.0" encoding="UTF-8"?>
<!-- Generated by org.testng.reporters.JUnitReportReporter -->
<testsuite skipped="0" hostname="nadsoft-H81M-Gaming-3" name="com.drive.qa.testcases.LoginTest" tests="4" failures="0" timestamp="30 Apr 2018 11:09:01 GMT" time="49.311" errors="0">
  <testcase name="loginPageTittleTest" time="8.547" classname="com.drive.qa.testcases.LoginTest"/>
  <testcase name="loginLogoTest" time="11.374" classname="com.drive.qa.testcases.LoginTest"/>
  <testcase name="loginPageURLTest" time="13.175" classname="com.drive.qa.testcases.LoginTest"/>
  <testcase name="loginTest" time="16.215" classname="com.drive.qa.testcases.LoginTest"/>
</testsuite> <!-- com.drive.qa.testcases.LoginTest -->
